I, [2015-04-25T18:28:25.099159 #9676]  INFO -- Kitchen: -----> Starting Kitchen (v1.3.1)
I, [2015-04-25T18:28:25.419798 #9676]  INFO -- Kitchen: -----> Creating <default-ubuntu-1404>...
I, [2015-04-25T18:28:59.439551 #9676]  INFO -- Kitchen: -----> Converging <default-ubuntu-1404>...
E, [2015-04-25T18:30:05.005318 #9676] ERROR -- Kitchen: Converge failed on instance <default-ubuntu-1404>.
I, [2015-04-25T18:34:24.675658 #11052]  INFO -- Kitchen: -----> Starting Kitchen (v1.3.1)
I, [2015-04-25T18:34:24.997283 #11052]  INFO -- Kitchen: -----> Destroying <default-ubuntu-1404>...
I, [2015-04-25T18:34:27.693163 #11052]  INFO -- Kitchen: -----> Kitchen is finished. (0m3.02s)
I, [2015-04-25T18:34:30.275765 #11400]  INFO -- Kitchen: -----> Starting Kitchen (v1.3.1)
I, [2015-04-25T18:34:30.596556 #11400]  INFO -- Kitchen: -----> Creating <default-ubuntu-1404>...
I, [2015-04-25T18:35:04.559851 #11400]  INFO -- Kitchen: -----> Converging <default-ubuntu-1404>...
E, [2015-04-25T18:35:57.002775 #11400] ERROR -- Kitchen: Converge failed on instance <default-ubuntu-1404>.
I, [2015-04-25T18:39:20.355672 #12737]  INFO -- Kitchen: -----> Starting Kitchen (v1.3.1)
I, [2015-04-25T18:39:20.679496 #12737]  INFO -- Kitchen: -----> Destroying <default-ubuntu-1404>...
I, [2015-04-25T18:39:23.419390 #12737]  INFO -- Kitchen: -----> Kitchen is finished. (0m3.06s)
I, [2015-04-25T18:39:24.943275 #13085]  INFO -- Kitchen: -----> Starting Kitchen (v1.3.1)
I, [2015-04-25T18:39:25.269027 #13085]  INFO -- Kitchen: -----> Creating <default-ubuntu-1404>...
I, [2015-04-25T18:39:58.530623 #13085]  INFO -- Kitchen: -----> Converging <default-ubuntu-1404>...
I, [2015-04-25T18:41:51.313086 #13085]  INFO -- Kitchen: -----> Kitchen is finished. (2m26.37s)
I, [2015-04-25T18:45:14.681366 #14451]  INFO -- Kitchen: -----> Starting Kitchen (v1.3.1)
I, [2015-04-25T18:45:15.008927 #14451]  INFO -- Kitchen: -----> Destroying <default-ubuntu-1404>...
I, [2015-04-25T18:45:17.796257 #14451]  INFO -- Kitchen: -----> Kitchen is finished. (0m3.11s)
I, [2015-04-25T18:46:51.349451 #14826]  INFO -- Kitchen: -----> Starting Kitchen (v1.3.1)
I, [2015-04-25T18:46:51.671634 #14826]  INFO -- Kitchen: -----> Creating <default-ubuntu-1404>...
I, [2015-04-25T18:47:29.144416 #14826]  INFO -- Kitchen: -----> Converging <default-ubuntu-1404>...
E, [2015-04-25T18:49:11.389682 #14826] ERROR -- Kitchen: Converge failed on instance <default-ubuntu-1404>.
I, [2015-04-25T18:49:45.791634 #16104]  INFO -- Kitchen: -----> Starting Kitchen (v1.3.1)
I, [2015-04-25T18:49:46.116669 #16104]  INFO -- Kitchen: -----> Destroying <default-ubuntu-1404>...
I, [2015-04-25T18:49:48.871082 #16104]  INFO -- Kitchen: -----> Kitchen is finished. (0m3.08s)
I, [2015-04-25T18:50:45.962176 #16455]  INFO -- Kitchen: -----> Starting Kitchen (v1.3.1)
I, [2015-04-25T18:50:46.286421 #16455]  INFO -- Kitchen: -----> Creating <default-ubuntu-1404>...
I, [2015-04-25T18:51:20.395316 #16455]  INFO -- Kitchen: -----> Converging <default-ubuntu-1404>...
E, [2015-04-25T18:53:14.616826 #16455] ERROR -- Kitchen: Converge failed on instance <default-ubuntu-1404>.
I, [2015-04-25T18:54:58.330403 #17813]  INFO -- Kitchen: -----> Starting Kitchen (v1.3.1)
I, [2015-04-25T18:54:58.651482 #17813]  INFO -- Kitchen: -----> Destroying <default-ubuntu-1404>...
I, [2015-04-25T18:55:01.433091 #17813]  INFO -- Kitchen: -----> Kitchen is finished. (0m3.10s)
I, [2015-04-25T18:56:02.317178 #18188]  INFO -- Kitchen: -----> Starting Kitchen (v1.3.1)
I, [2015-04-25T18:56:02.642626 #18188]  INFO -- Kitchen: -----> Creating <default-ubuntu-1404>...
I, [2015-04-25T18:56:36.618320 #18188]  INFO -- Kitchen: -----> Converging <default-ubuntu-1404>...
I, [2015-04-25T18:58:08.645726 #18188]  INFO -- Kitchen: -----> Kitchen is finished. (2m6.33s)
I, [2015-04-25T18:58:53.660805 #19491]  INFO -- Kitchen: -----> Starting Kitchen (v1.3.1)
I, [2015-04-25T18:58:53.987707 #19491]  INFO -- Kitchen: -----> Destroying <default-ubuntu-1404>...
I, [2015-04-25T18:58:56.792967 #19491]  INFO -- Kitchen: -----> Kitchen is finished. (0m3.13s)
I, [2015-04-25T19:00:49.597043 #19938]  INFO -- Kitchen: -----> Starting Kitchen (v1.3.1)
I, [2015-04-25T19:00:49.922409 #19938]  INFO -- Kitchen: -----> Creating <default-ubuntu-1404>...
I, [2015-04-25T19:01:28.115108 #19938]  INFO -- Kitchen: -----> Converging <default-ubuntu-1404>...
E, [2015-04-25T19:02:23.148003 #19938] ERROR -- Kitchen: Converge failed on instance <default-ubuntu-1404>.
I, [2015-04-25T19:02:38.264924 #21342]  INFO -- Kitchen: -----> Starting Kitchen (v1.3.1)
I, [2015-04-25T19:02:38.591530 #21342]  INFO -- Kitchen: -----> Destroying <default-ubuntu-1404>...
I, [2015-04-25T19:02:41.807613 #21342]  INFO -- Kitchen: -----> Kitchen is finished. (0m3.54s)
I, [2015-04-25T19:03:37.575246 #21694]  INFO -- Kitchen: -----> Starting Kitchen (v1.3.1)
I, [2015-04-25T19:03:37.903069 #21694]  INFO -- Kitchen: -----> Creating <default-ubuntu-1404>...
I, [2015-04-25T19:04:11.898138 #21694]  INFO -- Kitchen: -----> Converging <default-ubuntu-1404>...
E, [2015-04-25T19:05:48.909749 #21694] ERROR -- Kitchen: Converge failed on instance <default-ubuntu-1404>.
I, [2015-04-25T19:20:10.273681 #23182]  INFO -- Kitchen: -----> Starting Kitchen (v1.3.1)
I, [2015-04-25T19:20:10.597317 #23182]  INFO -- Kitchen: -----> Destroying <default-ubuntu-1404>...
I, [2015-04-25T19:20:13.323666 #23182]  INFO -- Kitchen: -----> Kitchen is finished. (0m3.05s)
