E, [2015-04-25T19:30:27.074667 #24899] ERROR -- Kitchen: ------Exception-------
E, [2015-04-25T19:30:27.074716 #24899] ERROR -- Kitchen: Class: Kitchen::UserError
E, [2015-04-25T19:30:27.074731 #24899] ERROR -- Kitchen: Message: Kitchen YAML file /root/cookbooks/example3/recipes/.kitchen.yml does not exist.
E, [2015-04-25T19:30:27.074743 #24899] ERROR -- Kitchen: ------Backtrace-------
E, [2015-04-25T19:30:27.074752 #24899] ERROR -- Kitchen: /opt/chefdk/embedded/apps/test-kitchen/lib/kitchen/loader/yaml.rb:74:in `read'
E, [2015-04-25T19:30:27.074762 #24899] ERROR -- Kitchen: /opt/chefdk/embedded/apps/test-kitchen/lib/kitchen/config.rb:139:in `data'
E, [2015-04-25T19:30:27.074771 #24899] ERROR -- Kitchen: /opt/chefdk/embedded/apps/test-kitchen/lib/kitchen/config.rb:118:in `suites'
E, [2015-04-25T19:30:27.074789 #24899] ERROR -- Kitchen: /opt/chefdk/embedded/apps/test-kitchen/lib/kitchen/config.rb:169:in `filter_instances'
E, [2015-04-25T19:30:27.074799 #24899] ERROR -- Kitchen: /opt/chefdk/embedded/apps/test-kitchen/lib/kitchen/config.rb:128:in `build_instances'
E, [2015-04-25T19:30:27.074809 #24899] ERROR -- Kitchen: /opt/chefdk/embedded/apps/test-kitchen/lib/kitchen/config.rb:104:in `instances'
E, [2015-04-25T19:30:27.074818 #24899] ERROR -- Kitchen: /opt/chefdk/embedded/apps/test-kitchen/lib/kitchen/command.rb:115:in `filtered_instances'
E, [2015-04-25T19:30:27.074827 #24899] ERROR -- Kitchen: /opt/chefdk/embedded/apps/test-kitchen/lib/kitchen/command.rb:145:in `parse_subcommand'
E, [2015-04-25T19:30:27.074836 #24899] ERROR -- Kitchen: /opt/chefdk/embedded/apps/test-kitchen/lib/kitchen/command/list.rb:32:in `call'
E, [2015-04-25T19:30:27.074845 #24899] ERROR -- Kitchen: /opt/chefdk/embedded/apps/test-kitchen/lib/kitchen/cli.rb:56:in `perform'
E, [2015-04-25T19:30:27.074853 #24899] ERROR -- Kitchen: /opt/chefdk/embedded/apps/test-kitchen/lib/kitchen/cli.rb:97:in `list'
E, [2015-04-25T19:30:27.074862 #24899] ERROR -- Kitchen: /opt/chefdk/embedded/lib/ruby/gems/2.1.0/gems/thor-0.19.1/lib/thor/command.rb:27:in `run'
E, [2015-04-25T19:30:27.074871 #24899] ERROR -- Kitchen: /opt/chefdk/embedded/lib/ruby/gems/2.1.0/gems/thor-0.19.1/lib/thor/invocation.rb:126:in `invoke_command'
E, [2015-04-25T19:30:27.074879 #24899] ERROR -- Kitchen: /opt/chefdk/embedded/apps/test-kitchen/lib/kitchen/cli.rb:304:in `invoke_task'
E, [2015-04-25T19:30:27.074897 #24899] ERROR -- Kitchen: /opt/chefdk/embedded/lib/ruby/gems/2.1.0/gems/thor-0.19.1/lib/thor.rb:359:in `dispatch'
E, [2015-04-25T19:30:27.074906 #24899] ERROR -- Kitchen: /opt/chefdk/embedded/lib/ruby/gems/2.1.0/gems/thor-0.19.1/lib/thor/base.rb:440:in `start'
E, [2015-04-25T19:30:27.074914 #24899] ERROR -- Kitchen: /opt/chefdk/embedded/apps/test-kitchen/bin/kitchen:13:in `block in <top (required)>'
E, [2015-04-25T19:30:27.074923 #24899] ERROR -- Kitchen: /opt/chefdk/embedded/apps/test-kitchen/lib/kitchen/errors.rb:154:in `with_friendly_errors'
E, [2015-04-25T19:30:27.074931 #24899] ERROR -- Kitchen: /opt/chefdk/embedded/apps/test-kitchen/bin/kitchen:13:in `<top (required)>'
E, [2015-04-25T19:30:27.074941 #24899] ERROR -- Kitchen: /bin/kitchen:15:in `load'
E, [2015-04-25T19:30:27.074949 #24899] ERROR -- Kitchen: /bin/kitchen:15:in `<main>'
E, [2015-04-25T19:30:27.074958 #24899] ERROR -- Kitchen: ----------------------
