I, [2015-04-25T19:25:10.611513 #23557]  INFO -- Kitchen: -----> Starting Kitchen (v1.3.1)
E, [2015-04-25T19:25:10.611722 #23557] ERROR -- Kitchen: ------Exception-------
E, [2015-04-25T19:25:10.611743 #23557] ERROR -- Kitchen: Class: Kitchen::UserError
E, [2015-04-25T19:25:10.611755 #23557] ERROR -- Kitchen: Message: Kitchen YAML file /root/cookbooks/example3/.kitchen.yml does not exist.
E, [2015-04-25T19:25:10.611769 #23557] ERROR -- Kitchen: ------Backtrace-------
E, [2015-04-25T19:25:10.611778 #23557] ERROR -- Kitchen: /opt/chefdk/embedded/apps/test-kitchen/lib/kitchen/loader/yaml.rb:74:in `read'
E, [2015-04-25T19:25:10.611787 #23557] ERROR -- Kitchen: /opt/chefdk/embedded/apps/test-kitchen/lib/kitchen/config.rb:139:in `data'
E, [2015-04-25T19:25:10.611795 #23557] ERROR -- Kitchen: /opt/chefdk/embedded/apps/test-kitchen/lib/kitchen/config.rb:118:in `suites'
E, [2015-04-25T19:25:10.611804 #23557] ERROR -- Kitchen: /opt/chefdk/embedded/apps/test-kitchen/lib/kitchen/config.rb:169:in `filter_instances'
E, [2015-04-25T19:25:10.611812 #23557] ERROR -- Kitchen: /opt/chefdk/embedded/apps/test-kitchen/lib/kitchen/config.rb:128:in `build_instances'
E, [2015-04-25T19:25:10.611821 #23557] ERROR -- Kitchen: /opt/chefdk/embedded/apps/test-kitchen/lib/kitchen/config.rb:104:in `instances'
E, [2015-04-25T19:25:10.611836 #23557] ERROR -- Kitchen: /opt/chefdk/embedded/apps/test-kitchen/lib/kitchen/command.rb:115:in `filtered_instances'
E, [2015-04-25T19:25:10.611844 #23557] ERROR -- Kitchen: /opt/chefdk/embedded/apps/test-kitchen/lib/kitchen/command.rb:145:in `parse_subcommand'
E, [2015-04-25T19:25:10.611853 #23557] ERROR -- Kitchen: /opt/chefdk/embedded/apps/test-kitchen/lib/kitchen/command/action.rb:38:in `block in call'
E, [2015-04-25T19:25:10.611861 #23557] ERROR -- Kitchen: /opt/chefdk/embedded/lib/ruby/2.1.0/benchmark.rb:279:in `measure'
E, [2015-04-25T19:25:10.611874 #23557] ERROR -- Kitchen: /opt/chefdk/embedded/apps/test-kitchen/lib/kitchen/command/action.rb:37:in `call'
E, [2015-04-25T19:25:10.611884 #23557] ERROR -- Kitchen: /opt/chefdk/embedded/apps/test-kitchen/lib/kitchen/cli.rb:56:in `perform'
E, [2015-04-25T19:25:10.611893 #23557] ERROR -- Kitchen: /opt/chefdk/embedded/apps/test-kitchen/lib/kitchen/cli.rb:161:in `block (2 levels) in <class:CLI>'
E, [2015-04-25T19:25:10.611901 #23557] ERROR -- Kitchen: /opt/chefdk/embedded/lib/ruby/gems/2.1.0/gems/thor-0.19.1/lib/thor/command.rb:27:in `run'
E, [2015-04-25T19:25:10.611910 #23557] ERROR -- Kitchen: /opt/chefdk/embedded/lib/ruby/gems/2.1.0/gems/thor-0.19.1/lib/thor/invocation.rb:126:in `invoke_command'
E, [2015-04-25T19:25:10.611926 #23557] ERROR -- Kitchen: /opt/chefdk/embedded/apps/test-kitchen/lib/kitchen/cli.rb:304:in `invoke_task'
E, [2015-04-25T19:25:10.611935 #23557] ERROR -- Kitchen: /opt/chefdk/embedded/lib/ruby/gems/2.1.0/gems/thor-0.19.1/lib/thor.rb:359:in `dispatch'
E, [2015-04-25T19:25:10.611943 #23557] ERROR -- Kitchen: /opt/chefdk/embedded/lib/ruby/gems/2.1.0/gems/thor-0.19.1/lib/thor/base.rb:440:in `start'
E, [2015-04-25T19:25:10.611952 #23557] ERROR -- Kitchen: /opt/chefdk/embedded/apps/test-kitchen/bin/kitchen:13:in `block in <top (required)>'
E, [2015-04-25T19:25:10.611961 #23557] ERROR -- Kitchen: /opt/chefdk/embedded/apps/test-kitchen/lib/kitchen/errors.rb:154:in `with_friendly_errors'
E, [2015-04-25T19:25:10.611969 #23557] ERROR -- Kitchen: /opt/chefdk/embedded/apps/test-kitchen/bin/kitchen:13:in `<top (required)>'
E, [2015-04-25T19:25:10.611979 #23557] ERROR -- Kitchen: /bin/kitchen:15:in `load'
E, [2015-04-25T19:25:10.611987 #23557] ERROR -- Kitchen: /bin/kitchen:15:in `<main>'
E, [2015-04-25T19:25:10.611996 #23557] ERROR -- Kitchen: ----------------------
I, [2015-04-25T19:25:52.129751 #23596]  INFO -- Kitchen: -----> Starting Kitchen (v1.3.1)
I, [2015-04-25T19:25:52.453746 #23596]  INFO -- Kitchen: -----> Creating <default-ubuntu-1404>...
I, [2015-04-25T19:26:28.758664 #23596]  INFO -- Kitchen: -----> Converging <default-ubuntu-1404>...
E, [2015-04-25T19:28:28.156068 #23596] ERROR -- Kitchen: Converge failed on instance <default-ubuntu-1404>.
I, [2015-04-25T19:30:38.501002 #24916]  INFO -- Kitchen: -----> Starting Kitchen (v1.3.1)
I, [2015-04-25T19:30:38.827280 #24916]  INFO -- Kitchen: -----> Destroying <default-ubuntu-1404>...
I, [2015-04-25T19:30:41.553762 #24916]  INFO -- Kitchen: -----> Kitchen is finished. (0m3.05s)
I, [2015-04-25T19:30:43.450398 #25264]  INFO -- Kitchen: -----> Starting Kitchen (v1.3.1)
I, [2015-04-25T19:30:43.778209 #25264]  INFO -- Kitchen: -----> Creating <default-ubuntu-1404>...
I, [2015-04-25T19:31:17.821328 #25264]  INFO -- Kitchen: -----> Converging <default-ubuntu-1404>...
I, [2015-04-25T19:35:10.105260 #25264]  INFO -- Kitchen: -----> Kitchen is finished. (4m26.65s)
I, [2015-04-25T20:01:20.939993 #26886]  INFO -- Kitchen: -----> Starting Kitchen (v1.3.1)
I, [2015-04-25T20:01:21.267325 #26886]  INFO -- Kitchen: -----> Destroying <default-ubuntu-1404>...
I, [2015-04-25T20:01:24.064787 #26886]  INFO -- Kitchen: -----> Kitchen is finished. (0m3.12s)
I, [2015-04-25T20:01:26.970551 #27234]  INFO -- Kitchen: -----> Starting Kitchen (v1.3.1)
I, [2015-04-25T20:01:27.295900 #27234]  INFO -- Kitchen: -----> Creating <default-ubuntu-1404>...
I, [2015-04-25T20:02:04.844358 #27234]  INFO -- Kitchen: -----> Converging <default-ubuntu-1404>...
I, [2015-04-25T20:03:51.021586 #27234]  INFO -- Kitchen: -----> Kitchen is finished. (2m24.05s)
I, [2015-04-25T20:05:28.790902 #28567]  INFO -- Kitchen: -----> Starting Kitchen (v1.3.1)
I, [2015-04-25T20:05:29.128469 #28567]  INFO -- Kitchen: -----> Destroying <default-ubuntu-1404>...
I, [2015-04-25T20:05:31.922776 #28567]  INFO -- Kitchen: -----> Kitchen is finished. (0m3.13s)
