I, [2015-04-25T20:08:46.099030 #28987]  INFO -- Kitchen: -----> Starting Kitchen (v1.3.1)
I, [2015-04-25T20:08:46.422466 #28987]  INFO -- Kitchen: -----> Creating <default-ubuntu-1404>...
I, [2015-04-25T20:09:23.687065 #28987]  INFO -- Kitchen: -----> Converging <default-ubuntu-1404>...
E, [2015-04-25T20:10:15.721044 #28987] ERROR -- Kitchen: Converge failed on instance <default-ubuntu-1404>.
I, [2015-04-25T20:11:37.844187 #30329]  INFO -- Kitchen: -----> Starting Kitchen (v1.3.1)
I, [2015-04-25T20:11:38.169352 #30329]  INFO -- Kitchen: -----> Destroying <default-ubuntu-1404>...
I, [2015-04-25T20:11:40.941075 #30329]  INFO -- Kitchen: -----> Kitchen is finished. (0m3.10s)
I, [2015-04-25T20:13:07.796327 #30719]  INFO -- Kitchen: -----> Starting Kitchen (v1.3.1)
E, [2015-04-25T20:13:08.115238 #30719] ERROR -- Kitchen: 
No instances for regex `default-ubuntu-1404', try running `kitchen list'


I, [2015-04-25T20:13:24.754372 #30751]  INFO -- Kitchen: -----> Starting Kitchen (v1.3.1)
I, [2015-04-25T20:13:25.082966 #30751]  INFO -- Kitchen: -----> Creating <default-centos-70>...
I, [2015-04-25T20:17:00.116700 #30751]  INFO -- Kitchen: -----> Converging <default-centos-70>...
E, [2015-04-25T20:17:58.782276 #30751] ERROR -- Kitchen: Converge failed on instance <default-centos-70>.
I, [2015-04-25T20:23:59.541723 #32596]  INFO -- Kitchen: -----> Starting Kitchen (v1.3.1)
I, [2015-04-25T20:23:59.868479 #32596]  INFO -- Kitchen: -----> Destroying <default-centos-70>...
I, [2015-04-25T20:24:02.578263 #32596]  INFO -- Kitchen: -----> Kitchen is finished. (0m3.04s)
I, [2015-04-25T20:26:20.289691 #620]  INFO -- Kitchen: -----> Starting Kitchen (v1.3.1)
I, [2015-04-25T20:26:20.609279 #620]  INFO -- Kitchen: -----> Creating <default-centos-70>...
I, [2015-04-25T20:26:48.415912 #620]  INFO -- Kitchen: -----> Converging <default-centos-70>...
E, [2015-04-25T20:27:39.008457 #620] ERROR -- Kitchen: Converge failed on instance <default-centos-70>.
I, [2015-04-25T20:28:05.427722 #2124]  INFO -- Kitchen: -----> Starting Kitchen (v1.3.1)
I, [2015-04-25T20:28:05.750253 #2124]  INFO -- Kitchen: -----> Destroying <default-centos-70>...
I, [2015-04-25T20:28:08.509281 #2124]  INFO -- Kitchen: -----> Kitchen is finished. (0m3.08s)
I, [2015-04-25T20:28:11.698239 #2507]  INFO -- Kitchen: -----> Starting Kitchen (v1.3.1)
I, [2015-04-25T20:28:12.020627 #2507]  INFO -- Kitchen: -----> Creating <default-centos-70>...
I, [2015-04-25T20:28:39.794748 #2507]  INFO -- Kitchen: -----> Converging <default-centos-70>...
E, [2015-04-25T20:29:29.774610 #2507] ERROR -- Kitchen: Converge failed on instance <default-centos-70>.
I, [2015-04-25T20:29:55.830980 #3863]  INFO -- Kitchen: -----> Starting Kitchen (v1.3.1)
I, [2015-04-25T20:29:56.155822 #3863]  INFO -- Kitchen: -----> Destroying <default-centos-70>...
I, [2015-04-25T20:29:58.943230 #3863]  INFO -- Kitchen: -----> Kitchen is finished. (0m3.11s)
I, [2015-04-25T20:30:29.654580 #4214]  INFO -- Kitchen: -----> Starting Kitchen (v1.3.1)
I, [2015-04-25T20:30:29.978205 #4214]  INFO -- Kitchen: -----> Creating <default-centos-70>...
I, [2015-04-25T20:30:57.728835 #4214]  INFO -- Kitchen: -----> Converging <default-centos-70>...
E, [2015-04-25T20:31:51.252821 #4214] ERROR -- Kitchen: Converge failed on instance <default-centos-70>.
I, [2015-04-25T20:32:26.482472 #5571]  INFO -- Kitchen: -----> Starting Kitchen (v1.3.1)
I, [2015-04-25T20:32:26.806786 #5571]  INFO -- Kitchen: -----> Destroying <default-centos-70>...
I, [2015-04-25T20:32:29.570977 #5571]  INFO -- Kitchen: -----> Kitchen is finished. (0m3.09s)
I, [2015-04-25T20:32:31.015857 #5920]  INFO -- Kitchen: -----> Starting Kitchen (v1.3.1)
I, [2015-04-25T20:32:31.341699 #5920]  INFO -- Kitchen: -----> Creating <default-centos-70>...
I, [2015-04-25T20:33:00.168438 #5920]  INFO -- Kitchen: -----> Converging <default-centos-70>...
E, [2015-04-25T20:33:50.682647 #5920] ERROR -- Kitchen: Converge failed on instance <default-centos-70>.
I, [2015-04-25T20:34:09.341687 #7269]  INFO -- Kitchen: -----> Starting Kitchen (v1.3.1)
I, [2015-04-25T20:34:09.660211 #7269]  INFO -- Kitchen: -----> Destroying <default-centos-70>...
I, [2015-04-25T20:34:12.395751 #7269]  INFO -- Kitchen: -----> Kitchen is finished. (0m3.05s)
I, [2015-04-25T20:34:14.223444 #7618]  INFO -- Kitchen: -----> Starting Kitchen (v1.3.1)
I, [2015-04-25T20:34:14.550019 #7618]  INFO -- Kitchen: -----> Creating <default-centos-70>...
I, [2015-04-25T20:34:42.495911 #7618]  INFO -- Kitchen: -----> Converging <default-centos-70>...
E, [2015-04-25T20:37:15.333862 #7618] ERROR -- Kitchen: Converge failed on instance <default-centos-70>.
I, [2015-04-25T20:39:33.350916 #9019]  INFO -- Kitchen: -----> Starting Kitchen (v1.3.1)
I, [2015-04-25T20:39:33.680996 #9019]  INFO -- Kitchen: -----> Destroying <default-centos-70>...
I, [2015-04-25T20:39:36.475171 #9019]  INFO -- Kitchen: -----> Kitchen is finished. (0m3.12s)
I, [2015-04-25T20:39:39.101167 #9369]  INFO -- Kitchen: -----> Starting Kitchen (v1.3.1)
I, [2015-04-25T20:39:39.432761 #9369]  INFO -- Kitchen: -----> Creating <default-centos-70>...
I, [2015-04-25T20:40:07.246459 #9369]  INFO -- Kitchen: -----> Converging <default-centos-70>...
I, [2015-04-25T20:52:11.925142 #2770]  INFO -- Kitchen: -----> Starting Kitchen (v1.3.1)
I, [2015-04-25T20:52:12.250365 #2770]  INFO -- Kitchen: -----> Destroying <default-centos-70>...
I, [2015-04-25T20:52:15.049285 #2770]  INFO -- Kitchen: -----> Kitchen is finished. (0m3.12s)
I, [2015-04-25T20:52:51.146123 #3149]  INFO -- Kitchen: -----> Starting Kitchen (v1.3.1)
I, [2015-04-25T20:52:51.471992 #3149]  INFO -- Kitchen: -----> Creating <default-centos-70>...
I, [2015-04-25T20:53:20.176112 #3149]  INFO -- Kitchen: -----> Converging <default-centos-70>...
I, [2015-04-25T20:57:35.156948 #2626]  INFO -- Kitchen: -----> Starting Kitchen (v1.3.1)
I, [2015-04-25T20:57:35.471859 #2626]  INFO -- Kitchen: -----> Destroying <default-centos-70>...
I, [2015-04-25T20:57:38.261058 #2626]  INFO -- Kitchen: -----> Kitchen is finished. (0m3.10s)
I, [2015-04-25T20:57:42.344964 #2980]  INFO -- Kitchen: -----> Starting Kitchen (v1.3.1)
I, [2015-04-25T20:57:42.666025 #2980]  INFO -- Kitchen: -----> Creating <default-centos-70>...
I, [2015-04-25T20:58:12.467545 #2980]  INFO -- Kitchen: -----> Converging <default-centos-70>...
E, [2015-04-25T20:59:57.849230 #2980] ERROR -- Kitchen: Converge failed on instance <default-centos-70>.
I, [2015-04-25T21:00:26.345488 #4333]  INFO -- Kitchen: -----> Starting Kitchen (v1.3.1)
I, [2015-04-25T21:00:26.673040 #4333]  INFO -- Kitchen: -----> Destroying <default-centos-70>...
I, [2015-04-25T21:00:29.352478 #4333]  INFO -- Kitchen: -----> Kitchen is finished. (0m3.01s)
I, [2015-04-25T21:00:48.151413 #4763]  INFO -- Kitchen: -----> Starting Kitchen (v1.3.1)
I, [2015-04-25T21:00:48.478490 #4763]  INFO -- Kitchen: -----> Creating <default-centos-70>...
I, [2015-04-25T21:01:16.567462 #4763]  INFO -- Kitchen: -----> Converging <default-centos-70>...
I, [2015-04-25T21:06:01.519634 #4763]  INFO -- Kitchen: -----> Kitchen is finished. (5m13.37s)
I, [2015-04-25T21:17:39.309557 #6625]  INFO -- Kitchen: -----> Starting Kitchen (v1.3.1)
I, [2015-04-25T21:17:39.629847 #6625]  INFO -- Kitchen: -----> Destroying <default-centos-70>...
I, [2015-04-25T21:17:42.443966 #6625]  INFO -- Kitchen: -----> Kitchen is finished. (0m3.13s)
I, [2015-04-25T21:17:46.527211 #6973]  INFO -- Kitchen: -----> Starting Kitchen (v1.3.1)
I, [2015-04-25T21:17:46.849761 #6973]  INFO -- Kitchen: -----> Creating <default-centos-70>...
I, [2015-04-25T21:18:14.944846 #6973]  INFO -- Kitchen: -----> Converging <default-centos-70>...
I, [2015-04-25T21:18:19.069962 #8289]  INFO -- Kitchen: -----> Starting Kitchen (v1.3.1)
I, [2015-04-25T21:18:19.394312 #8289]  INFO -- Kitchen: -----> Destroying <default-centos-70>...
I, [2015-04-25T21:18:22.136688 #8289]  INFO -- Kitchen: -----> Kitchen is finished. (0m3.07s)
I, [2015-04-25T21:20:29.512267 #8673]  INFO -- Kitchen: -----> Starting Kitchen (v1.3.1)
I, [2015-04-25T21:20:29.833960 #8673]  INFO -- Kitchen: -----> Creating <default-centos-70>...
I, [2015-04-25T21:20:57.808354 #8673]  INFO -- Kitchen: -----> Converging <default-centos-70>...
I, [2015-04-25T21:29:40.262046 #10067]  INFO -- Kitchen: -----> Starting Kitchen (v1.3.1)
I, [2015-04-25T21:29:40.592110 #10067]  INFO -- Kitchen: -----> Destroying <default-centos-70>...
I, [2015-04-25T21:29:43.296618 #10067]  INFO -- Kitchen: -----> Kitchen is finished. (0m3.03s)
I, [2015-04-25T21:29:46.048452 #10418]  INFO -- Kitchen: -----> Starting Kitchen (v1.3.1)
I, [2015-04-25T21:29:46.371920 #10418]  INFO -- Kitchen: -----> Creating <default-centos-70>...
I, [2015-04-25T21:30:14.389385 #10418]  INFO -- Kitchen: -----> Converging <default-centos-70>...
E, [2015-04-25T21:49:31.187746 #10418] ERROR -- Kitchen: Converge failed on instance <default-centos-70>.
I, [2015-04-26T01:00:50.254166 #12524]  INFO -- Kitchen: -----> Starting Kitchen (v1.3.1)
I, [2015-04-26T01:00:50.581935 #12524]  INFO -- Kitchen: -----> Destroying <default-centos-70>...
I, [2015-04-26T01:00:53.356089 #12524]  INFO -- Kitchen: -----> Kitchen is finished. (0m3.10s)
I, [2015-04-26T01:00:58.799258 #12872]  INFO -- Kitchen: -----> Starting Kitchen (v1.3.1)
I, [2015-04-26T01:00:59.125168 #12872]  INFO -- Kitchen: -----> Creating <default-centos-70>...
I, [2015-04-26T01:01:27.119747 #12872]  INFO -- Kitchen: -----> Converging <default-centos-70>...
E, [2015-04-26T01:30:30.402724 #12872] ERROR -- Kitchen: Converge failed on instance <default-centos-70>.
I, [2015-04-26T01:32:33.728001 #14431]  INFO -- Kitchen: -----> Starting Kitchen (v1.3.1)
I, [2015-04-26T01:32:34.050342 #14431]  INFO -- Kitchen: -----> Destroying <default-centos-70>...
I, [2015-04-26T01:32:36.744041 #14431]  INFO -- Kitchen: -----> Kitchen is finished. (0m3.02s)
I, [2015-04-26T01:32:40.429099 #14779]  INFO -- Kitchen: -----> Starting Kitchen (v1.3.1)
I, [2015-04-26T01:32:40.752606 #14779]  INFO -- Kitchen: -----> Creating <default-centos-70>...
I, [2015-04-26T01:33:08.473442 #14779]  INFO -- Kitchen: -----> Converging <default-centos-70>...
I, [2015-04-26T01:49:01.346704 #16360]  INFO -- Kitchen: -----> Starting Kitchen (v1.3.1)
I, [2015-04-26T01:49:01.671381 #16360]  INFO -- Kitchen: -----> Destroying <default-centos-70>...
I, [2015-04-26T01:49:04.361191 #16360]  INFO -- Kitchen: -----> Kitchen is finished. (0m3.01s)
I, [2015-04-26T07:51:20.213049 #2727]  INFO -- Kitchen: -----> Starting Kitchen (v1.3.1)
I, [2015-04-26T07:51:20.534931 #2727]  INFO -- Kitchen: -----> Creating <default-centos-70>...
I, [2015-04-26T07:51:49.566781 #2727]  INFO -- Kitchen: -----> Converging <default-centos-70>...
I, [2015-04-26T08:30:46.478958 #5957]  INFO -- Kitchen: -----> Starting Kitchen (v1.3.1)
I, [2015-04-26T08:30:46.811860 #5957]  INFO -- Kitchen: -----> Destroying <default-centos-70>...
I, [2015-04-26T08:32:45.633442 #2645]  INFO -- Kitchen: -----> Starting Kitchen (v1.3.1)
I, [2015-04-26T08:32:45.958955 #2645]  INFO -- Kitchen: -----> Destroying <default-centos-70>...
I, [2015-04-26T08:32:48.785495 #2645]  INFO -- Kitchen: -----> Kitchen is finished. (0m3.15s)
I, [2015-04-26T08:32:52.543907 #2999]  INFO -- Kitchen: -----> Starting Kitchen (v1.3.1)
I, [2015-04-26T08:32:52.869425 #2999]  INFO -- Kitchen: -----> Creating <default-centos-70>...
I, [2015-04-26T08:33:21.513039 #2999]  INFO -- Kitchen: -----> Converging <default-centos-70>...
E, [2015-04-26T09:00:26.435331 #2999] ERROR -- Kitchen: Converge failed on instance <default-centos-70>.
I, [2015-04-26T09:09:29.370318 #4619]  INFO -- Kitchen: -----> Starting Kitchen (v1.3.1)
I, [2015-04-26T09:09:29.704875 #4619]  INFO -- Kitchen: -----> Destroying <default-centos-70>...
I, [2015-04-26T09:09:32.566313 #4619]  INFO -- Kitchen: -----> Kitchen is finished. (0m3.20s)
I, [2015-04-26T09:10:39.985214 #5016]  INFO -- Kitchen: -----> Starting Kitchen (v1.3.1)
I, [2015-04-26T09:10:40.323769 #5016]  INFO -- Kitchen: -----> Creating <default-centos-70>...
I, [2015-04-26T09:11:09.551547 #5016]  INFO -- Kitchen: -----> Converging <default-centos-70>...
E, [2015-04-26T09:15:49.051502 #5016] ERROR -- Kitchen: Converge failed on instance <default-centos-70>.
I, [2015-04-26T09:39:01.827129 #7830]  INFO -- Kitchen: -----> Starting Kitchen (v1.3.1)
I, [2015-04-26T09:39:02.154831 #7830]  INFO -- Kitchen: -----> Destroying <default-centos-70>...
I, [2015-04-26T09:39:04.959222 #7830]  INFO -- Kitchen: -----> Kitchen is finished. (0m3.13s)
I, [2015-04-26T09:39:08.806912 #8179]  INFO -- Kitchen: -----> Starting Kitchen (v1.3.1)
I, [2015-04-26T09:39:09.135519 #8179]  INFO -- Kitchen: -----> Creating <default-centos-70>...
I, [2015-04-26T09:39:38.154549 #8179]  INFO -- Kitchen: -----> Converging <default-centos-70>...
I, [2015-04-26T09:39:42.278811 #9512]  INFO -- Kitchen: -----> Starting Kitchen (v1.3.1)
I, [2015-04-26T09:39:42.610082 #9512]  INFO -- Kitchen: -----> Destroying <default-centos-70>...
I, [2015-04-26T09:39:45.356197 #9512]  INFO -- Kitchen: -----> Kitchen is finished. (0m3.08s)
I, [2015-04-26T09:40:09.643296 #9861]  INFO -- Kitchen: -----> Starting Kitchen (v1.3.1)
I, [2015-04-26T09:40:09.970333 #9861]  INFO -- Kitchen: -----> Destroying <default-centos-70>...
I, [2015-04-26T09:40:09.971086 #9861]  INFO -- Kitchen: -----> Kitchen is finished. (0m0.33s)
I, [2015-04-26T09:40:11.654833 #9878]  INFO -- Kitchen: -----> Starting Kitchen (v1.3.1)
I, [2015-04-26T09:40:11.980382 #9878]  INFO -- Kitchen: -----> Creating <default-centos-70>...
I, [2015-04-26T09:40:40.166215 #9878]  INFO -- Kitchen: -----> Converging <default-centos-70>...
I, [2015-04-26T09:45:04.114275 #9878]  INFO -- Kitchen: -----> Kitchen is finished. (4m52.46s)
I, [2015-04-26T09:47:51.099005 #11317]  INFO -- Kitchen: -----> Starting Kitchen (v1.3.1)
I, [2015-04-26T09:47:51.413835 #11317]  INFO -- Kitchen: -----> Destroying <default-centos-70>...
I, [2015-04-26T09:47:54.179943 #11317]  INFO -- Kitchen: -----> Kitchen is finished. (0m3.08s)
I, [2015-04-26T09:47:56.841152 #11665]  INFO -- Kitchen: -----> Starting Kitchen (v1.3.1)
I, [2015-04-26T09:47:57.165286 #11665]  INFO -- Kitchen: -----> Creating <default-centos-70>...
I, [2015-04-26T09:48:25.249070 #11665]  INFO -- Kitchen: -----> Converging <default-centos-70>...
E, [2015-04-26T10:18:25.209152 #11665] ERROR -- Kitchen: Converge failed on instance <default-centos-70>.
I, [2015-04-26T10:18:58.903271 #13456]  INFO -- Kitchen: -----> Starting Kitchen (v1.3.1)
I, [2015-04-26T10:18:59.246638 #13456]  INFO -- Kitchen: -----> Destroying <default-centos-70>...
I, [2015-04-26T10:19:02.054481 #13456]  INFO -- Kitchen: -----> Kitchen is finished. (0m3.15s)
